1.03 beta - 2025-03-17 12:23:46,102 - INFO - ✅ System log initialized.
1.03 beta - 2025-03-17 12:24:39,663 - INFO - ✅ System log initialized.
1.03 beta - 2025-03-17 12:24:53,823 - INFO - ✅ System log initialized.
1.03 beta - 2025-03-17 12:24:53,840 - INFO - New user created. User ID: 1234
1.03 beta - 2025-03-17 12:27:33,142 - INFO - ✅ System log initialized.
1.03 beta - 2025-03-17 12:27:33,174 - INFO - New user created. User ID: 1234
1.03 beta - 2025-03-17 12:28:32,950 - INFO - ✅ System log initialized.
1.03 beta - 2025-03-17 12:28:33,036 - INFO - New user created. User ID: 1234
1.03 beta - 2025-03-17 12:29:11,361 - INFO - ✅ System log initialized.
1.03 beta - 2025-03-17 12:29:11,377 - INFO - New user created. User ID: 1234
1.03 beta - 2025-03-17 12:30:07,011 - INFO - ✅ System log initialized.
1.03 beta - 2025-03-17 12:30:22,864 - INFO - ✅ System log initialized.
1.03 beta - 2025-03-17 12:30:49,989 - INFO - ✅ System log initialized.
1.03 beta - 2025-03-17 12:40:07,198 - INFO - ✅ System log initialized.
1.03 beta - 2025-03-17 12:46:14,812 - INFO - ✅ System log initialized.
1.03 beta - 2025-03-17 12:46:14,830 - INFO - New user created. User ID: 4321
1.03 beta - 2025-03-17 12:46:51,172 - INFO - ✅ System log initialized.
1.03 beta - 2025-03-17 12:46:51,194 - INFO - New user created. User ID: 1234
1.03 beta - 2025-03-17 12:55:52,919 - INFO - ✅ System log initialized.
1.03 beta - 2025-03-17 12:57:04,775 - INFO - ✅ System log initialized.
1.03 beta - 2025-03-17 12:57:04,864 - INFO - User status changed to inactive User ID: 1234
1.03 beta - 2025-03-17 13:01:56,549 - INFO - ✅ System log initialized.
1.03 beta - 2025-03-17 13:01:56,986 - INFO - New user created. User ID: 6575738141
1.03 beta - 2025-03-17 13:02:48,135 - INFO - ✅ System log initialized.
1.03 beta - 2025-03-17 13:02:51,423 - INFO - New user created. User ID: 6575738141
1.03 beta - 2025-03-17 13:02:51,525 - INFO - New user created. User ID: 6575738141
1.03 beta - 2025-03-17 13:02:51,549 - INFO - New user created. User ID: 6575738141
1.03 beta - 2025-03-17 13:05:14,751 - INFO - ✅ System log initialized.
1.03 beta - 2025-03-17 13:05:20,295 - INFO - New user created. User ID: 6575738141
1.03 beta - 2025-03-17 13:05:20,405 - INFO - New user created. User ID: 6575738141
1.03 beta - 2025-03-17 13:05:20,439 - INFO - New user created. User ID: 6575738141
1.03 beta - 2025-03-17 13:06:47,769 - INFO - ✅ System log initialized.
1.03 beta - 2025-03-17 13:06:51,565 - INFO - New user created. User ID: 6575738141
1.03 beta - 2025-03-17 13:07:58,865 - INFO - ✅ System log initialized.
1.03 beta - 2025-03-17 13:08:01,711 - INFO - New user created. User ID: 6575738141
1.03 beta - 2025-03-17 13:11:02,230 - INFO - ✅ System log initialized.
1.03 beta - 2025-03-17 13:11:05,666 - INFO - New user created. User ID: 6575738141
1.03 beta - 2025-03-17 13:15:08,290 - INFO - ✅ System log initialized.
1.03 beta - 2025-03-17 13:15:15,107 - INFO - New user created. User ID: 6575738141
1.03 beta - 2025-03-17 13:16:33,145 - INFO - ✅ System log initialized.
1.03 beta - 2025-03-17 13:16:36,927 - INFO - New user created. User ID: 6575738141
1.03 beta - 2025-03-17 13:20:11,958 - INFO - ✅ System log initialized.
1.03 beta - 2025-03-17 13:20:21,244 - INFO - New user created. User ID: 6575738141
1.03 beta - 2025-03-17 13:20:25,016 - INFO - User status changed to active User ID: 6575738141
1.03 beta - 2025-03-17 13:20:36,988 - INFO - User status changed to active User ID: 6575738141
1.03 beta - 2025-03-17 13:21:17,374 - INFO - ✅ System log initialized.
1.03 beta - 2025-03-17 13:21:19,548 - INFO - New user created. User ID: 6575738141
1.03 beta - 2025-03-17 13:21:22,600 - INFO - User status changed to active User ID: 6575738141
1.03 beta - 2025-03-17 13:21:22,628 - INFO - User status changed to crypto User ID: 6575738141
1.03 beta - 2025-03-17 13:25:04,951 - INFO - ✅ System log initialized.
1.03 beta - 2025-03-17 13:25:33,419 - INFO - ✅ System log initialized.
1.03 beta - 2025-03-17 13:25:42,872 - INFO - ✅ System log initialized.
1.03 beta - 2025-03-17 13:26:20,852 - INFO - ✅ System log initialized.
1.03 beta - 2025-03-17 13:26:48,654 - INFO - ✅ System log initialized.
1.03 beta - 2025-03-17 13:27:21,627 - INFO - ✅ System log initialized.
1.03 beta - 2025-03-17 13:30:07,400 - INFO - ✅ System log initialized.
1.03 beta - 2025-03-17 13:30:13,113 - INFO - New user created. User ID: 6575738141
1.03 beta - 2025-03-17 13:34:43,441 - INFO - ✅ System log initialized.
1.03 beta - 2025-03-17 13:35:04,682 - INFO - ✅ System log initialized.
1.03 beta - 2025-03-17 13:35:10,752 - INFO - New user created. User ID: 6575738141
1.03 beta - 2025-03-17 13:36:51,093 - INFO - ✅ System log initialized.
1.03 beta - 2025-03-17 13:37:05,085 - INFO - New user created. User ID: 6575738141
1.03 beta - 2025-03-17 15:45:17,180 - INFO - ✅ System log initialized.
1.03 beta - 2025-03-17 15:45:40,495 - INFO - New user created. User ID: 6575738141
1.03 beta - 2025-03-17 16:01:04,860 - INFO - ✅ System log initialized.
1.03 beta - 2025-03-17 16:01:13,951 - INFO - New user created. User ID: 6575738141
1.03 beta - 2025-03-17 16:53:41,227 - INFO - New user created. User ID: 6575738141
1.03 beta - 2025-03-17 16:56:18,230 - INFO - ✅ System log initialized.
1.03 beta - 2025-03-17 16:56:52,626 - INFO - ✅ System log initialized.
1.03 beta - 2025-03-17 16:57:18,484 - INFO - ✅ System log initialized.
1.03 beta - 2025-03-19 10:55:10,291 - INFO - ✅ System log initialized.
1.03 beta - 2025-03-19 10:57:03,621 - INFO - ✅ System log initialized.
1.03 beta - 2025-03-19 20:40:01,032 - INFO - ✅ System log initialized.
1.03 beta - 2025-03-19 20:41:25,300 - INFO - ✅ System log initialized.
1.03 beta - 2025-03-19 20:41:42,781 - INFO - ✅ System log initialized.
1.03 beta - 2025-03-19 20:42:11,801 - INFO - ✅ System log initialized.
1.03 beta - 2025-03-19 20:43:16,486 - INFO - ✅ System log initialized.
1.03 beta - 2025-03-19 20:43:16,523 - INFO - New user created. User ID: 1234
1.03 beta - 2025-03-19 20:44:13,201 - INFO - ✅ System log initialized.
1.03 beta - 2025-03-19 20:45:16,228 - INFO - ✅ System log initialized.
1.03 beta - 2025-03-19 20:45:19,952 - INFO - New user created. User ID: 1234
1.03 beta - 2025-03-19 20:57:02,643 - INFO - ✅ System log initialized.
1.03 beta - 2025-03-19 20:57:14,299 - INFO - New user created. User ID: 6575738141
1.03 beta - 2025-03-19 20:59:13,488 - INFO - ✅ System log initialized.
1.03 beta - 2025-03-19 21:00:52,328 - INFO - ✅ System log initialized.
1.03 beta - 2025-03-19 21:02:15,217 - INFO - ✅ System log initialized.
1.03 beta - 2025-03-19 21:04:41,094 - INFO - New user created. User ID: 6575738141
1.03 beta - 2025-03-19 21:07:56,328 - INFO - ✅ System log initialized.
1.03 beta - 2025-03-19 21:08:04,099 - INFO - New user created. User ID: 6575738141
1.03 beta - 2025-03-19 21:08:39,318 - INFO - ✅ System log initialized.
1.03 beta - 2025-03-19 21:09:00,375 - INFO - New user created. User ID: 6575738141
1.03 beta - 2025-03-19 21:10:12,317 - INFO - New user created. User ID: 6575738141
1.03 beta - 2025-03-19 21:10:35,836 - INFO - ✅ System log initialized.
1.03 beta - 2025-03-19 21:10:44,304 - INFO - New user created. User ID: 6575738141
1.03 beta - 2025-03-19 21:13:33,203 - INFO - ✅ System log initialized.
1.03 beta - 2025-03-19 21:13:53,472 - INFO - New user created. User ID: 6575738141
1.03 beta - 2025-03-19 21:16:25,516 - INFO - New user created. User ID: 6575738141
1.03 beta - 2025-03-19 21:18:53,302 - INFO - New user created. User ID: 6575738141
1.03 beta - 2025-03-19 22:29:20,034 - INFO - New user created. User ID: 6575738141
1.03 beta - 2025-03-20 15:56:13,459 - INFO - ✅ System log initialized.
1.03 beta - 2025-03-20 16:00:25,046 - INFO - ✅ System log initialized.
1.03 beta - 2025-03-21 13:17:12,384 - INFO - ✅ System log initialized.
1.03 beta - 2025-03-21 13:17:26,900 - INFO - New user created. User ID: 6575738141
